Shuffling the deck
cut at 39
cut at 22
cut at 33
cut at 37
cut at 38
cut at 37
cut at 38
Hand 1 bankroll 100
Player bets 5
Player dealt King of Spades
Dealer dealt Three of Diamonds
Player dealt Six of Diamonds
Player's total is 16
Dealer's hole card is Four of Spades
Dealer dealt Ten of Hearts
Dealer's total is 17
Dealer wins
Hand 2 bankroll 95
Player bets 5
Player dealt King of Hearts
Dealer dealt Ace of Clubs
Player dealt Seven of Hearts
Player's total is 17
Dealer's hole card is Three of Clubs
Dealer dealt Jack of Spades
Dealer dealt Eight of Diamonds
Dealer's total is 22
Dealer busts
Hand 3 bankroll 100
Player bets 5
Player dealt Eight of Clubs
Dealer dealt Two of Spades
Player dealt Nine of Spades
Player's total is 17
Dealer's hole card is Jack of Hearts
Dealer dealt Ten of Diamonds
Dealer's total is 22
Dealer busts
Hand 4 bankroll 105
Player bets 5
Player dealt Jack of Diamonds
Dealer dealt Ace of Spades
Player dealt Eight of Spades
Player's total is 18
Dealer's hole card is Four of Hearts
Dealer dealt Ace of Diamonds
Dealer dealt Ace of Hearts
Dealer's total is 17
Player wins
Hand 5 bankroll 110
Player bets 5
Player dealt Queen of Hearts
Dealer dealt Six of Spades
Player dealt Four of Clubs
Player's total is 14
Dealer's hole card is Five of Clubs
Dealer dealt Nine of Diamonds
Dealer's total is 20
Dealer wins
Hand 6 bankroll 105
Player bets 5
Player dealt Nine of Clubs
Dealer dealt Three of Spades
Player dealt King of Diamonds
Player's total is 19
Dealer's hole card is Queen of Diamonds
Dealer dealt Five of Diamonds
Dealer's total is 18
Player wins
Hand 7 bankroll 110
Player bets 5
Player dealt Two of Hearts
Dealer dealt Eight of Hearts
Player dealt Six of Clubs
Player dealt Four of Diamonds
Player dealt Two of Clubs
Player dealt Queen of Spades
Player's total is 24
Player busts
Hand 8 bankroll 105

Player bets 5
Player dealt Six of Spades
Dealer dealt King of Spades
Player dealt Four of Clubs
Player dealt Five of Clubs
Player dealt Six of Diamonds
Player's total is 21
Dealer's hole card is Three of Diamonds
Dealer dealt Nine of Diamonds
Dealer's total is 22
Dealer busts
Hand 9 bankroll 110
Player bets 5
Player dealt Four of Spades
Dealer dealt Nine of Clubs
Player dealt Ten of Hearts
Player dealt King of Hearts
Player's total is 24
Player busts
Hand 10 bankroll 105
Player bets 5
Player dealt King of Diamonds
Dealer dealt Ace of Clubs
Player dealt Queen of Diamonds
Player's total is 20
Dealer's hole card is Seven of Hearts
Dealer's total is 18
Player wins
Hand 11 bankroll 110
Player bets 5
Player dealt Five of Diamonds
Dealer dealt Three of Clubs
Player dealt Two of Hearts
Player dealt Eight of Hearts
Player's total is 15
Dealer's hole card is Jack of Spades
Dealer dealt Eight of Diamonds
Dealer's total is 21
Dealer wins
Hand 12 bankroll 105
Player bets 5
Player dealt Six of Clubs
Dealer dealt Eight of Clubs
Player dealt Ten of Clubs
Player dealt Four of Diamonds
Player's total is 20
Dealer's hole card is Two of Spades
Dealer dealt Nine of Spades
Dealer's total is 19
Player wins
Hand 13 bankroll 110
Player bets 5
Player dealt Two of Clubs
Dealer dealt Jack of Hearts
Player dealt Queen of Spades
Player dealt Five of Hearts
Player's total is 17
Dealer's hole card is Ten of Diamonds
Dealer's total is 20
Dealer wins
Hand 14 bankroll 105

Player bets 5
Player dealt Eight of Clubs
Dealer dealt Six of Spades
Player dealt Ten of Clubs
Player's total is 18
Dealer's hole card is King of Spades
Dealer dealt Two of Spades
Dealer's total is 18
Push
Hand 15 bankroll 105
Player bets 5
Player dealt Four of Clubs
Dealer dealt Four of Diamonds
Player dealt Three of Diamonds
Player dealt Five of Clubs
Player's total is 12
Dealer's hole card is Nine of Spades
Dealer dealt Two of Clubs
Dealer dealt Six of Diamonds
Dealer's total is 21
Dealer wins
Hand 16 bankroll 100
Player bets 10
Player dealt Jack of Hearts
Dealer dealt Nine of Diamonds
Player dealt Queen of Spades
Player's total is 20
Dealer's hole card is Four of Spades
Dealer dealt Ten of Diamonds
Dealer's total is 23
Dealer busts
Hand 17 bankroll 110
Player bets 5
Player dealt Nine of Clubs
Dealer dealt Five of Hearts
Player dealt Ten of Hearts
Player's total is 19
Dealer's hole card is Jack of Diamonds
Dealer dealt Three of Spades
Dealer's total is 18
Player wins
Hand 18 bankroll 115
Player bets 5
Player dealt Three of Hearts
Dealer dealt King of Hearts
Player dealt Ace of Spades
Player dealt Seven of Diamonds
Player's total is 21
Dealer's hole card is King of Diamonds
Dealer's total is 20
Player wins
Hand 19 bankroll 120
Player bets 5
Player dealt Ace of Clubs
Dealer dealt Eight of Spades
Player dealt Queen of Diamonds
Player dealt natural 21
Hand 20 bankroll 127
Player bets 5
Player dealt Seven of Hearts
Dealer dealt Four of Hearts
Player dealt Five of Diamonds
Player's total is 12
Dealer's hole card is Jack of Clubs
Dealer dealt Three of Clubs
Dealer's total is 17
Dealer wins
Hand 21 bankroll 122

Player bets 5
Player dealt Three of Hearts
Dealer dealt Eight of Clubs
Player dealt King of Hearts
Player dealt Ace of Spades
Player dealt Ten of Clubs
Player's total is 24
Player busts
Hand 22 bankroll 117
Player bets 5
Player dealt King of Diamonds
Dealer dealt King of Spades
Player dealt Seven of Diamonds
Player's total is 17
Dealer's hole card is Two of Spades
Dealer dealt Ace of Clubs
Dealer dealt Four of Clubs
Dealer's total is 17
Push
Hand 23 bankroll 117
Player bets 5
Player dealt Eight of Spades
Dealer dealt Four of Diamonds
Player dealt Queen of Diamonds
Player's total is 18
Dealer's hole card is Three of Diamonds
Dealer dealt Seven of Clubs
Dealer dealt Nine of Spades
Dealer's total is 23
Dealer busts
Hand 24 bankroll 122
Player bets 5
Player dealt Seven of Hearts
Dealer dealt Five of Clubs
Player dealt Four of Hearts
Player dealt Five of Diamonds
Player's total is 16
Dealer's hole card is Two of Clubs
Dealer dealt Six of Diamonds
Dealer dealt Jack of Clubs
Dealer's total is 23
Dealer busts
Hand 25 bankroll 127
Player bets 5
Player dealt Jack of Hearts
Dealer dealt Three of Clubs
Player dealt Nine of Diamonds
Player's total is 19
Dealer's hole card is Ace of Diamonds
Dealer dealt Queen of Spades
Dealer dealt Two of Hearts
Dealer dealt Four of Spades
Dealer's total is 20
Dealer wins
Hand 26 bankroll 122
Player bets 5
Player dealt Two of Diamonds
Dealer dealt Ten of Diamonds
Player dealt Jack of Spades
Player dealt Ace of Hearts
Player dealt Five of Hearts
Player's total is 18
Dealer's hole card is Nine of Clubs
Dealer's total is 19
Dealer wins
Hand 27 bankroll 117

Player bets 5
Player dealt Ten of Hearts
Dealer dealt Three of Hearts
Player dealt Five of Spades
Player's total is 15
Dealer's hole card is Eight of Clubs
Dealer dealt Jack of Diamonds
Dealer's total is 21
Dealer wins
Hand 28 bankroll 112
Player bets 5
Player dealt King of Hearts
Dealer dealt Eight of Diamonds
Player dealt Six of Spades
Player dealt Ace of Spades
Player's total is 17
Dealer's hole card is Three of Spades
Dealer dealt Queen of Hearts
Dealer's total is 21
Dealer wins
Hand 29 bankroll 107
Player bets 5
Player dealt Ten of Clubs
Dealer dealt Six of Clubs
Player dealt King of Diamonds
Player's total is 20
Dealer's hole card is Nine of Hearts
Dealer dealt King of Spades
Dealer's total is 25
Dealer busts
Hand 30 bankroll 112
Player bets 5
Player dealt Queen of Clubs
Dealer dealt Seven of Diamonds
Player dealt Ten of Spades
Player's total is 20
Dealer's hole card is Two of Spades
Dealer dealt Six of Hearts
Dealer dealt Ace of Clubs
Dealer dealt Seven of Spades
Dealer's total is 23
Dealer busts
Player has 117 after 30 hands
