Command line:
   ./xx_isim_beh.exe
     -intstyle  ise
     -ipchost  localhost
     -ipcport  57195
WARNING:Simulator:678 -  For instance uut/M2/, width 5 of formal port rtd_out_ID
   is not equal to width 32 of actual signal rtd_WB.
WARNING:Simulator:678 -  For instance uut/M9/, width 5 of formal port rtd_WB is
   not equal to width 32 of actual signal rtd_WB.
WARNING:Simulator:678 -  For instance uut/M10/, width 5 of formal port MEM_WB_Rd
   is not equal to width 32 of actual signal rtd_WB.

Fri Nov 27 09:25:42 2015

Total Line Count : 412

 Elaboration Time: 0.03125 sec

 Current Memory Usage: 181.715 Meg

 Total Signals          : 305
 Total Nets             : 1101
 Total Signal Drivers   : 100
 Total Blocks           : 15
 Total Primitive Blocks : 13
 Total Processes        : 121
 Total Traceable Variables  : 91
 Total Scalar Nets and Variables : 7177
ntrace select -o on -m / -l this 
ntrace start 
isimrun 1000 ns 
Simulator is doing circuit initialization process.
Finished circuit initialization process.

 Total Simulation Time: 0.109375 sec

 Current Memory Usage: 186.139 Meg

Fri Nov 27 11:59:09 2015

